<?xml version="1.0" encoding="UTF-8"?>
<testsuite xmlns:xsi="http://www.w3.org/2001/XMLSchema-instance" xsi:noNamespaceSchemaLocation="https://maven.apache.org/surefire/maven-surefire-plugin/xsd/surefire-test-report.xsd" name="com.nz.rpc.uid.ZkUidProducerTest" time="126.179" tests="2" errors="0" skipped="0" failures="0">
  <properties>
[...]
</properties>
  <testcase name="getUid" classname="com.nz.rpc.uid.ZkUidProducerTest" time="0.034"/>
  <testcase name="time" classname="com.nz.rpc.uid.ZkUidProducerTest" time="125.816"/>
</testsuite>